AzureAD+AdityaVerma@DESKTOP-6UUCCVF MINGW64 ~/Desktop/Cadient/devops/elk (prod)
$ kubectl logs filebeat-nf59c -n elk
2022-01-07T15:27:30.096Z        INFO    instance/beat.go:665    Home path: [/usr/share/filebeat] Config path: [/usr/share/filebeat] Data path: [/usr/share/filebeat/data] Logs path: [/usr/share/filebeat/logs]
2022-01-07T15:27:30.105Z        INFO    instance/beat.go:673    Beat ID: 4ca577fe-d39d-49c4-83cd-b780bd29aa87
2022-01-07T15:27:30.108Z        INFO    [seccomp]       seccomp/seccomp.go:124  Syscall filter successfully installed
2022-01-07T15:27:30.108Z        INFO    [beat]  instance/beat.go:1014   Beat info       {"system_info": {"beat": {"path": {"config": "/usr/share/filebeat", "data": "/usr/share/filebeat/data", "home": "/usr/share/filebeat", "logs": "/usr/share/filebeat/logs"}, "type": "filebeat", "uuid": "4ca577fe-d39d-49c4-83cd-b780bd29aa87"}}}
2022-01-07T15:27:30.108Z        INFO    [beat]  instance/beat.go:1023   Build info      {"system_info": {"build": {"commit": "e127fc31fc6c00fdf8649808f9421d8f8c28b5db", "libbeat": "7.14.0", "time": "2021-07-29T20:56:59.000Z", "version": "7.14.0"}}}
2022-01-07T15:27:30.108Z        INFO    [beat]  instance/beat.go:1026   Go runtime info {"system_info": {"go": {"os":"linux","arch":"amd64","max_procs":2,"version":"go1.16.6"}}}
2022-01-07T15:27:30.109Z        INFO    [beat]  instance/beat.go:1030   Host info       {"system_info": {"host": {"architecture":"x86_64","boot_time":"2022-01-07T05:23:15Z","containerized":true,"name":"aks-agentpool-11420798-vmss000007","ip":["127.0.0.1/8","::1/128","10.240.0.5/16","fe80::20d:3aff:fe4e:1312/64","10.244.0.1/24","fe80::446a:20ff:fe79:4864/64","fe80::204f:38ff:fe29:17a5/64","fe80::5872:88ff:fed4:21c5/64","fe80::5479:14ff:fe52:2b94/64","fe80::6031:8ff:feee:9d75/64","fe80::5c08:abff:fee8:1fae/64","fe80::b0be:32ff:fef5:e206/64","fe80::a0c5:43ff:feef:3d8/64"],"kernel_version":"5.4.0-1064-azure","mac":["00:0d:3a:4e:13:12","00:0d:3a:4e:13:12","46:6a:20:79:48:64","22:4f:38:29:17:a5","5a:72:88:d4:21:c5","56:79:14:52:2b:94","62:31:08:ee:9d:75","5e:08:ab:e8:1f:ae","b2:be:32:f5:e2:06","a2:c5:43:ef:03:d8"],"os":{"type":"linux","family":"redhat","platform":"centos","name":"CentOS Linux","version":"7 (Core)","major":7,"minor":9,"patch":2009,"codename":"Core"},"timezone":"UTC","timezone_offset_sec":0,"id":"3c2fb2b6af196dc020fd58ec005618e7"}}}
2022-01-07T15:27:30.109Z        INFO    [beat]  instance/beat.go:1059   Process info    {"system_info": {"process": {"capabilities": {"inheritable":["chown","dac_override","fowner","fsetid","kill","setgid","setuid","setpcap","net_bind_service","net_raw","sys_chroot","mknod","audit_write","setfcap"],"permitted":["chown","dac_override","fowner","fsetid","kill","setgid","setuid","setpcap","net_bind_service","net_raw","sys_chroot","mknod","audit_write","setfcap"],"effective":["chown","dac_override","fowner","fsetid","kill","setgid","setuid","setpcap","net_bind_service","net_raw","sys_chroot","mknod","audit_write","setfcap"],"bounding":["chown","dac_override","fowner","fsetid","kill","setgid","setuid","setpcap","net_bind_service","net_raw","sys_chroot","mknod","audit_write","setfcap"],"ambient":null}, "cwd": "/usr/share/filebeat", "exe": "/usr/share/filebeat/filebeat", "name": "filebeat", "pid": 7, "ppid": 1, "seccomp": {"mode":"filter","no_new_privs":true}, "start_time": "2022-01-07T15:27:29.450Z"}}}
2022-01-07T15:27:30.109Z        INFO    instance/beat.go:309    Setup Beat: filebeat; Version: 7.14.0
2022-01-07T15:27:30.110Z        INFO    [publisher]     pipeline/module.go:113  Beat name: aks-agentpool-11420798-vmss000007
2022-01-07T15:27:30.111Z        WARN    beater/filebeat.go:178  Filebeat is unable to load the Ingest Node pipelines for the configured modules because the Elasticsearch output is not configured/enabled. If you have already loaded the Ingest Node pipelines or are using Logstash pipelines, you can ignore this warning.
2022-01-07T15:27:30.111Z        INFO    [monitoring]    log/log.go:118  Starting metrics logging every 30s
2022-01-07T15:27:30.111Z        INFO    instance/beat.go:473    filebeat start running.
2022-01-07T15:27:30.114Z        INFO    memlog/store.go:119     Loading data file of '/usr/share/filebeat/data/registry/filebeat' succeeded. Active transaction id=0
2022-01-07T15:27:30.114Z        INFO    memlog/store.go:124     Finished loading transaction log file for '/usr/share/filebeat/data/registry/filebeat'. Active transaction id=0
2022-01-07T15:27:30.114Z        WARN    beater/filebeat.go:381  Filebeat is unable to load the Ingest Node pipelines for the configured modules because the Elasticsearch output is not configured/enabled. If you have already loaded the Ingest Node pipelines or are using Logstash pipelines, you can ignore this warning.
2022-01-07T15:27:30.115Z        INFO    [registrar]     registrar/registrar.go:109      States Loaded from registrar: 0
2022-01-07T15:27:30.115Z        INFO    [crawler]       beater/crawler.go:71    Loading Inputs: 1
2022-01-07T15:27:30.115Z        INFO    [input] log/input.go:164        Configured paths: [/var/log/containers/*.log]   {"input_id": "199c4698-bb51-4b47-a7ca-d46ffc282e47"}  
2022-01-07T15:27:30.115Z        INFO    [crawler]       beater/crawler.go:141   Starting input (ID: 5611471631127552702)
2022-01-07T15:27:30.115Z        INFO    [crawler]       beater/crawler.go:108   Loading and starting Inputs completed. Enabled inputs: 1
2022-01-07T15:27:30.116Z        INFO    [input.harvester]       log/harvester.go:309    Harvester started for file.     {"input_id": "199c4698-bb51-4b47-a7ca-d46ffc282e47", "source": "/var/log/containers/csi-azuredisk-node-9b5bt_kube-system_azuredisk-567d562618adbf64d34de5f81ea7c345dad633a7bfd01400dd6e6bae979d5a1f.log", "state_id": "native::516612-2049", "finished": false, "os_id": "516612-2049", "harvester_id": "c5f00927-75db-46f7-9a6b-09b6f2a0a618"}
2022-01-07T15:27:30.117Z        INFO    [input.harvester]       log/harvester.go:309    Harvester started for file.     {"input_id": "199c4698-bb51-4b47-a7ca-d46ffc282e47", "source": "/var/log/containers/csi-azuredisk-node-9b5bt_kube-system_liveness-probe-147471f1eee96b5666ae65a7f8c39baba43adce2c5bd1dd3a3862ade7b7db2e6.log", "state_id": "native::516434-2049", "finished": false, "os_id": "516434-2049", "harvester_id": "e1a5c6f5-40ce-4fa0-a060-709356b493df"}
2022-01-07T15:27:30.117Z        INFO    [input.harvester]       log/harvester.go:309    Harvester started for file.     {"input_id": "199c4698-bb51-4b47-a7ca-d46ffc282e47", "source": "/var/log/containers/csi-azurefile-node-mcfhp_kube-system_node-driver-registrar-9fae0a8e25ffe4d59622b7fde2b19f790578b69d13c3050c487f016d682b41bd.log", "state_id": "native::516563-2049", "finished": false, "os_id": "516563-2049", "harvester_id": "93623325-9edf-4348-a51d-4d6e8aee3ca4"}
2022-01-07T15:27:30.117Z        INFO    [add_cloud_metadata]    add_cloud_metadata/add_cloud_metadata.go:105    add_cloud_metadata: hosting provider type detected as azure, metadata={"cloud":{"account":{},"instance":{"id":"42deee94-374c-49c9-81f1-433985681df9","name":"aks-agentpool-11420798-vmss_7"},"machine":{"type":"Standard_DS2_v2"},"provider":"azure","region":"eastus","service":{"name":"Virtual Machines"}}}
2022-01-07T15:27:30.117Z        INFO    [input.harvester]       log/harvester.go:309    Harvester started for file.     {"input_id": "199c4698-bb51-4b47-a7ca-d46ffc282e47", "source": "/var/log/containers/es-cluster-0_elk_increase-vm-max-map-89098a8d7e88030a5875b67f7fbe870d5a6f87953ca2ceea49504784bffe1e24.log", "state_id": "native::517564-2049", "finished": false, "os_id": "517564-2049", "harvester_id": "9cc9372b-c55b-4abb-be98-1fa8a86cad74"}
2022-01-07T15:27:30.118Z        INFO    [input.harvester]       log/harvester.go:309    Harvester started for file.     {"input_id": "199c4698-bb51-4b47-a7ca-d46ffc282e47", "source": "/var/log/containers/metrics-server-6bc97b47f7-t7kck_kube-system_metrics-server-073833b7d1d8df49ff184d7344059ef7e53575dcb01d4efdff3d11888feea6d7.log", "state_id": "native::517006-2049", "finished": false, "os_id": "517006-2049", "harvester_id": "00a19f2b-7861-4f58-87ab-1e551b73ac80"}
2022-01-07T15:27:30.118Z        INFO    [input.harvester]       log/harvester.go:309    Harvester started for file.     {"input_id": "199c4698-bb51-4b47-a7ca-d46ffc282e47", "source": "/var/log/containers/omsagent-lm8qq_kube-system_omsagent-prometheus-1640c65ebede32194502ab05435f0637a8abdc1db39f0d1b6d7bc099545b45fb.log", "state_id": "native::516642-2049", "finished": false, "os_id": "516642-2049", "harvester_id": "3a9c2b61-d1eb-4d10-aa33-1ef67887179f"}
2022-01-07T15:27:30.118Z        INFO    [input.harvester]       log/harvester.go:309    Harvester started for file.     {"input_id": "199c4698-bb51-4b47-a7ca-d46ffc282e47", "source": "/var/log/containers/csi-azuredisk-node-9b5bt_kube-system_node-driver-registrar-3cf3d407aeeb0b6bc5fdadf8623e11dbf1930e45afbb084683d892ec20dcf28c.log", "state_id": "native::516542-2049", "finished": false, "os_id": "516542-2049", "harvester_id": "d54ca5b7-fe46-4edd-9417-d87b87d68684"}
2022-01-07T15:27:30.119Z        INFO    [input.harvester]       log/harvester.go:309    Harvester started for file.     {"input_id": "199c4698-bb51-4b47-a7ca-d46ffc282e47", "source": "/var/log/containers/csi-azurefile-node-mcfhp_kube-system_azurefile-54f2ff33d375b48c18e9f0194cb3964d9b149ff1cbc4ae12f704c7b9bbc896e2.log", "state_id": "native::516627-2049", "finished": false, "os_id": "516627-2049", "harvester_id": "70d04fd2-92a8-4052-9724-0b2a10e6eb2a"}
2022-01-07T15:27:30.119Z        INFO    [input.harvester]       log/harvester.go:309    Harvester started for file.     {"input_id": "199c4698-bb51-4b47-a7ca-d46ffc282e47", "source": "/var/log/containers/kube-proxy-79szf_kube-system_kube-proxy-783b98b68d81c920ce8ad48f48dc191f740db75753931d53844c3cd11f2dae59.log", "state_id": "native::516456-2049", "finished": false, "os_id": "516456-2049", "harvester_id": "663eff8c-ae9b-4e2a-9dda-884951379e9d"}
2022-01-07T15:27:30.119Z        INFO    [input.harvester]       log/harvester.go:309    Harvester started for file.     {"input_id": "199c4698-bb51-4b47-a7ca-d46ffc282e47", "source": "/var/log/containers/omsagent-lm8qq_kube-system_omsagent-f2d7df0eef0f60e90f418f8eee1eec482323e090790887d5ab0cc7d6e0786513.log", "state_id": "native::516534-2049", "finished": false, "os_id": "516534-2049", "harvester_id": "9756dfd1-2c45-46cc-8e3a-e85164c8163b"}
2022-01-07T15:27:30.119Z        INFO    [input.harvester]       log/harvester.go:309    Harvester started for file.     {"input_id": "199c4698-bb51-4b47-a7ca-d46ffc282e47", "source": "/var/log/containers/coredns-autoscaler-5f85dc856b-mcbbh_kube-system_autoscaler-4d7fcbad5b0c1227e0b15cdd7a57128857f75bd21aac845e38a9f9216db95735.log", "state_id": "native::516894-2049", "finished": false, "os_id": "516894-2049", "harvester_id": "f494d9a3-3c44-4eb4-bfc6-2da2fa736523"}
2022-01-07T15:27:30.120Z        INFO    [input.harvester]       log/harvester.go:309    Harvester started for file.     {"input_id": "199c4698-bb51-4b47-a7ca-d46ffc282e47", "source": "/var/log/containers/es-cluster-0_elk_fix-permissions-3cdef82c7ac7dad3aded3e347138751066dfb470a363a78d0dcb4215d881ccc2.log", "state_id": "native::517540-2049", "finished": false, "os_id": "517540-2049", "harvester_id": "c494d1d5-9b5e-45fb-878c-8a56cd78e23f"}
2022-01-07T15:27:30.121Z        INFO    [input.harvester]       log/harvester.go:309    Harvester started for file.     {"input_id": "199c4698-bb51-4b47-a7ca-d46ffc282e47", "source": "/var/log/containers/csi-azurefile-node-mcfhp_kube-system_liveness-probe-914566fdb10f15555c9e59f3020a8180e41dded3aad3f781198cc8bd6917a170.log", "state_id": "native::516413-2049", "finished": false, "os_id": "516413-2049", "harvester_id": "4f3f32a4-b7e6-40d2-9230-3a538da22603"}
2022-01-07T15:27:30.121Z        INFO    [input.harvester]       log/harvester.go:309    Harvester started for file.     {"input_id": "199c4698-bb51-4b47-a7ca-d46ffc282e47", "source": "/var/log/containers/coredns-845757d86-zm6ld_kube-system_coredns-ece917ab02e0b1d58760d3c39938a575bec7d8080f67d9333c20dc1ef3b91c93.log", "state_id": "native::516979-2049", "finished": false, "os_id": "516979-2049", "harvester_id": "0f72de7d-4f4e-4cff-ab92-b84367d1f309"}
2022-01-07T15:27:30.122Z        INFO    [input.harvester]       log/harvester.go:309    Harvester started for file.     {"input_id": "199c4698-bb51-4b47-a7ca-d46ffc282e47", "source": "/var/log/containers/coredns-845757d86-4v25p_kube-system_coredns-5339d50218ff0c2378a4554a2e3091dc89f6b7c7bf65cd2cfa0a725ece2ed2a9.log", "state_id": "native::516825-2049", "finished": false, "os_id": "516825-2049", "harvester_id": "b2c4592b-7eaa-4bac-9005-86405698ffd4"}
2022-01-07T15:27:30.122Z        INFO    [input.harvester]       log/harvester.go:309    Harvester started for file.     {"input_id": "199c4698-bb51-4b47-a7ca-d46ffc282e47", "source": "/var/log/containers/es-cluster-0_elk_elasticsearch-3d2e19f6cc2da3a0a6e652b7a124d8603132fe2c948afcba381ab776918eab32.log", "state_id": "native::4129300-2049", "finished": false, "os_id": "4129300-2049", "harvester_id": "3cf83282-1a5d-41ee-b623-fd7b5776eb33"}
2022-01-07T15:27:30.122Z        INFO    [input.harvester]       log/harvester.go:309    Harvester started for file.     {"input_id": "199c4698-bb51-4b47-a7ca-d46ffc282e47", "source": "/var/log/containers/es-cluster-0_elk_increase-fd-ulimit-66ffbd17a152d667fc8ca8614c2a01956b094b07dd0fab1fb080b566122dc77b.log", "state_id": "native::517588-2049", "finished": false, "os_id": "517588-2049", "harvester_id": "7228abaf-5674-48b7-b07c-adeb70ddd998"}
2022-01-07T15:27:30.122Z        INFO    [input.harvester]       log/harvester.go:309    Harvester started for file.     {"input_id": "199c4698-bb51-4b47-a7ca-d46ffc282e47", "source": "/var/log/containers/filebeat-nf59c_elk_filebeat-649988bce1bec6f6bd99d2354fa4cd6e63abc03b1f5c8b01b631502d1a9039d9.log", "state_id": "native::4387324-2049", "finished": false, "os_id": "4387324-2049", "harvester_id": "fd82e0df-fb88-4a29-8e18-5bb4fd27ae47"}
2022-01-07T15:27:30.122Z        INFO    [input.harvester]       log/harvester.go:309    Harvester started for file.     {"input_id": "199c4698-bb51-4b47-a7ca-d46ffc282e47", "source": "/var/log/containers/tunnelfront-69b79f84c4-qcrw2_kube-system_tunnel-front-e83a1685022f5f610e772656a5e5a2e8e702b3fceaad66e67444b9eb1a8df761.log", "state_id": "native::517002-2049", "finished": false, "os_id": "517002-2049", "harvester_id": "f7aade32-cc40-445b-9189-5138e12702eb"}
2022-01-07T15:27:30.123Z        INFO    [input.harvester]       log/harvester.go:309    Harvester started for file.     {"input_id": "199c4698-bb51-4b47-a7ca-d46ffc282e47", "source": "/var/log/containers/azure-ip-masq-agent-nqb82_kube-system_azure-ip-masq-agent-6a1ff2316370963e96be72363c102ab7a4fe44cd5ebf45ad27f93a30076e3107.log", "state_id": "native::516466-2049", "finished": false, "os_id": "516466-2049", "harvester_id": "3c2a7ddc-e1b1-4c80-91db-867eb6a16681"}
2022-01-07T15:27:30.147Z        INFO    add_kubernetes_metadata/kubernetes.go:71        add_kubernetes_metadata: kubernetes env detected, with version: v1.21.7
2022-01-07T15:27:30.147Z        INFO    [kubernetes]    kubernetes/util.go:99   kubernetes: Using node aks-agentpool-11420798-vmss000007 provided in the config {"libbeat.processor": "add_kubernetes_metadata"}
2022-01-07T15:27:30.176Z        INFO    [publisher_pipeline_output]     pipeline/output.go:143  Connecting to backoff(async(tcp://logstash:5044))
2022-01-07T15:27:30.177Z        INFO    [publisher]     pipeline/retry.go:219   retryer: send unwait signal to consumer
2022-01-07T15:27:30.179Z        INFO    [publisher]     pipeline/retry.go:223     done
2022-01-07T15:27:30.200Z        WARN    [transport]     transport/tcp.go:52     DNS lookup failure "logstash": lookup logstash on 10.0.0.10:53: no such host
2022-01-07T15:27:31.992Z        ERROR   [publisher_pipeline_output]     pipeline/output.go:154  Failed to connect to backoff(async(tcp://logstash:5044)): lookup logstash on 10.0.0.10:53: no such host
2022-01-07T15:27:31.992Z        INFO    [publisher_pipeline_output]     pipeline/output.go:145  Attempting to reconnect to backoff(async(tcp://logstash:5044)) with 1 reconnect attempt(s)
2022-01-07T15:27:31.992Z        INFO    [publisher]     pipeline/retry.go:219   retryer: send unwait signal to consumer
2022-01-07T15:27:31.992Z        INFO    [publisher]     pipeline/retry.go:223     done
2022-01-07T15:27:31.994Z        WARN    [transport]     transport/tcp.go:52     DNS lookup failure "logstash": lookup logstash on 10.0.0.10:53: no such host
2022-01-07T15:27:34.446Z        ERROR   [publisher_pipeline_output]     pipeline/output.go:154  Failed to connect to backoff(async(tcp://logstash:5044)): lookup logstash on 10.0.0.10:53: no such host
2022-01-07T15:27:34.446Z        INFO    [publisher_pipeline_output]     pipeline/output.go:145  Attempting to reconnect to backoff(async(tcp://logstash:5044)) with 2 reconnect attempt(s)
2022-01-07T15:27:34.446Z        INFO    [publisher]     pipeline/retry.go:219   retryer: send unwait signal to consumer
2022-01-07T15:27:34.446Z        INFO    [publisher]     pipeline/retry.go:223     done
2022-01-07T15:27:34.448Z        WARN    [transport]     transport/tcp.go:52     DNS lookup failure "logstash": lookup logstash on 10.0.0.10:53: no such host
2022-01-07T15:27:40.062Z        ERROR   [publisher_pipeline_output]     pipeline/output.go:154  Failed to connect to backoff(async(tcp://logstash:5044)): lookup logstash on 10.0.0.10:53: no such host
2022-01-07T15:27:40.062Z        INFO    [publisher_pipeline_output]     pipeline/output.go:145  Attempting to reconnect to backoff(async(tcp://logstash:5044)) with 3 reconnect attempt(s)
2022-01-07T15:27:40.063Z        INFO    [publisher]     pipeline/retry.go:219   retryer: send unwait signal to consumer
2022-01-07T15:27:40.063Z        INFO    [publisher]     pipeline/retry.go:223     done
2022-01-07T15:27:40.070Z        WARN    [transport]     transport/tcp.go:52     DNS lookup failure "logstash": lookup logstash on 10.0.0.10:53: no such host
2022-01-07T15:27:54.825Z        ERROR   [publisher_pipeline_output]     pipeline/output.go:154  Failed to connect to backoff(async(tcp://logstash:5044)): lookup logstash on 10.0.0.10:53: no such host
2022-01-07T15:27:54.825Z        INFO    [publisher_pipeline_output]     pipeline/output.go:145  Attempting to reconnect to backoff(async(tcp://logstash:5044)) with 4 reconnect attempt(s)
2022-01-07T15:27:54.825Z        INFO    [publisher]     pipeline/retry.go:219   retryer: send unwait signal to consumer
2022-01-07T15:27:54.825Z        INFO    [publisher]     pipeline/retry.go:223     done
2022-01-07T15:27:54.827Z        WARN    [transport]     transport/tcp.go:52     DNS lookup failure "logstash": lookup logstash on 10.0.0.10:53: no such host
2022-01-07T15:28:00.118Z        INFO    [monitoring]    log/log.go:145  Non-zero metrics in the last 30s        {"monitoring": {"metrics": {"beat":{"cgroup":{"cpu":{"cfs":{"period":{"us":100000}},"id":"649988bce1bec6f6bd99d2354fa4cd6e63abc03b1f5c8b01b631502d1a9039d9"},"cpuacct":{"id":"649988bce1bec6f6bd99d2354fa4cd6e63abc03b1f5c8b01b631502d1a9039d9","total":{"ns":376290827}},"memory":{"id":"649988bce1bec6f6bd99d2354fa4cd6e63abc03b1f5c8b01b631502d1a9039d9","mem":{"limit":{"bytes":209715200},"usage":{"bytes":75354112}}}},"cpu":{"system":{"ticks":80,"time":{"ms":86}},"total":{"ticks":350,"time":{"ms":360},"value":0},"user":{"ticks":270,"time":{"ms":274}}},"handles":{"limit":{"hard":1048576,"soft":1048576},"open":30},"info":{"ephemeral_id":"967b3023-9c53-4c3a-8078-795c6bed0b60","uptime":{"ms":30078},"version":"7.14.0"},"memstats":{"gc_next":59185760,"memory_alloc":38384680,"memory_sys":75973640,"memory_total":103126912,"rss":146423808},"runtime":{"goroutines":155}},"filebeat":{"events":{"active":4130,"added":4142,"done":12},"harvester":{"open_files":20,"running":20,"started":20}},"libbeat":{"config":{"module":{"running":0}},"output":{"events":{"active":0},"type":"logstash"},"pipeline":{"clients":1,"events":{"active":4117,"filtered":20,"published":4116,"retry":8192,"total":4137},"queue":{"max_events":4096}}},"registrar":{"states":{"current":12,"update":12},"writes":{"success":12,"total":12}},"system":{"cpu":{"cores":2},"load":{"1":0.91,"15":0.34,"5":0.4,"norm":{"1":0.455,"15":0.17,"5":0.2}}}}}}
